2025-07-14 18:03:49,262 - MainThread - INFO - \u6210\u529f\u5f9e settings.json \u8f09\u5165\u8a2d\u5b9a\u3002
2025-07-14 18:03:49,263 - MainThread - INFO - \u71b1\u9375\u8a2d\u5b9a\u8f09\u5165: Ctrl=True, Alt=True, Shift=False, Trigger='f12'
2025-07-14 18:03:49,361 - MainThread - DEBUG - \u8996\u7a97\u79fb\u52d5\u5230: (537, 182)
2025-07-14 18:03:49,572 - Thread-1 - INFO - \u71b1\u9375\u76e3\u807d\u5df2\u555f\u52d5\u3002\u8acb\u6309 <Ctrl + Alt + 'f12'> \u4f86\u958b\u95dc\u9762\u677f\u3002
2025-07-14 18:03:50,822 - Thread-2 - DEBUG - \u6309\u9375\u6309\u4e0b: Key.ctrl_r
2025-07-14 18:03:51,110 - Thread-2 - DEBUG - \u6309\u9375\u6309\u4e0b: Key.alt_gr
2025-07-14 18:03:51,614 - Thread-2 - DEBUG - \u6309\u9375\u6309\u4e0b: Key.alt_gr
2025-07-14 18:03:51,644 - Thread-2 - DEBUG - \u6309\u9375\u6309\u4e0b: Key.alt_gr
2025-07-14 18:03:51,674 - Thread-2 - DEBUG - \u6309\u9375\u6309\u4e0b: Key.alt_gr
2025-07-14 18:03:51,704 - Thread-2 - DEBUG - \u6309\u9375\u6309\u4e0b: Key.alt_gr
2025-07-14 18:03:51,740 - Thread-2 - DEBUG - \u6309\u9375\u6309\u4e0b: Key.f12
2025-07-14 18:03:51,741 - Thread-2 - INFO - \u71b1\u9375\u89f8\u767c\u6210\u529f!
2025-07-14 18:03:51,741 - MainThread - INFO - \u96b1\u85cf\u9762\u677f
2025-07-14 18:03:51,828 - Thread-2 - DEBUG - \u6309\u9375\u9b06\u958b: Key.f12
2025-07-14 18:03:51,966 - Thread-2 - DEBUG - \u6309\u9375\u9b06\u958b: Key.alt_gr
2025-07-14 18:03:52,005 - Thread-2 - DEBUG - \u6309\u9375\u9b06\u958b: Key.ctrl_r
2025-07-14 18:03:52,859 - Thread-2 - DEBUG - \u6309\u9375\u6309\u4e0b: Key.ctrl_r
2025-07-14 18:03:52,859 - Thread-2 - DEBUG - \u6309\u9375\u6309\u4e0b: Key.alt_gr
2025-07-14 18:03:53,287 - Thread-2 - DEBUG - \u6309\u9375\u6309\u4e0b: Key.f11
2025-07-14 18:03:53,413 - Thread-2 - DEBUG - \u6309\u9375\u9b06\u958b: Key.f11
2025-07-14 18:03:54,080 - Thread-2 - DEBUG - \u6309\u9375\u6309\u4e0b: Key.f12
2025-07-14 18:03:54,081 - Thread-2 - INFO - \u71b1\u9375\u89f8\u767c\u6210\u529f!
2025-07-14 18:03:54,082 - MainThread - INFO - \u986f\u793a\u9762\u677f
2025-07-14 18:03:54,082 - MainThread - DEBUG - \u8996\u7a97\u79fb\u52d5\u5230: (537, 182)
2025-07-14 18:03:54,206 - Thread-2 - DEBUG - \u6309\u9375\u9b06\u958b: Key.f12
2025-07-14 18:03:54,520 - Thread-2 - DEBUG - \u6309\u9375\u9b06\u958b: Key.alt_gr
2025-07-14 18:03:54,545 - Thread-2 - DEBUG - \u6309\u9375\u9b06\u958b: Key.ctrl_r
2025-07-14 18:03:55,866 - Thread-2 - DEBUG - \u6309\u9375\u6309\u4e0b: Key.ctrl_l
2025-07-14 18:03:55,891 - Thread-2 - DEBUG - \u6309\u9375\u6309\u4e0b: Key.alt_l
2025-07-14 18:03:55,967 - Thread-2 - DEBUG - \u6309\u9375\u6309\u4e0b: Key.f12
2025-07-14 18:03:55,967 - Thread-2 - INFO - \u71b1\u9375\u89f8\u767c\u6210\u529f!
2025-07-14 18:03:55,967 - MainThread - INFO - \u96b1\u85cf\u9762\u677f
2025-07-14 18:03:56,067 - Thread-2 - DEBUG - \u6309\u9375\u9b06\u958b: Key.ctrl_l
2025-07-14 18:03:56,079 - Thread-2 - DEBUG - \u6309\u9375\u9b06\u958b: Key.alt_l
2025-07-14 18:03:56,080 - Thread-2 - DEBUG - \u6309\u9375\u9b06\u958b: Key.f12
2025-07-14 18:03:56,621 - Thread-2 - DEBUG - \u6309\u9375\u6309\u4e0b: Key.ctrl_l
2025-07-14 18:03:56,621 - Thread-2 - DEBUG - \u6309\u9375\u6309\u4e0b: Key.alt_l
2025-07-14 18:03:56,621 - Thread-2 - DEBUG - \u6309\u9375\u6309\u4e0b: Key.f12
2025-07-14 18:03:56,621 - Thread-2 - INFO - \u71b1\u9375\u89f8\u767c\u6210\u529f!
2025-07-14 18:03:56,622 - MainThread - INFO - \u986f\u793a\u9762\u677f
2025-07-14 18:03:56,622 - MainThread - DEBUG - \u8996\u7a97\u79fb\u52d5\u5230: (537, 182)
2025-07-14 18:03:56,746 - Thread-2 - DEBUG - \u6309\u9375\u9b06\u958b: Key.f12
2025-07-14 18:03:56,771 - Thread-2 - DEBUG - \u6309\u9375\u9b06\u958b: Key.ctrl_l
2025-07-14 18:03:56,773 - Thread-2 - DEBUG - \u6309\u9375\u9b06\u958b: Key.alt_l
2025-07-14 18:03:58,418 - MainThread - DEBUG - \u6e96\u5099\u62d6\u52d5\uff0c\u6309\u4e0b\u4f4d\u7f6e: PyQt6.QtCore.QPoint(209, 24)
2025-07-14 18:03:58,466 - MainThread - DEBUG - \u62d6\u52d5\u4e2d\uff0c\u8996\u7a97\u79fb\u52d5\u5230: PyQt6.QtCore.QPoint(536, 182)
2025-07-14 18:03:58,468 - MainThread - DEBUG - \u62d6\u52d5\u4e2d\uff0c\u8996\u7a97\u79fb\u52d5\u5230: PyQt6.QtCore.QPoint(535, 182)
2025-07-14 18:03:58,472 - MainThread - DEBUG - \u62d6\u52d5\u4e2d\uff0c\u8996\u7a97\u79fb\u52d5\u5230: PyQt6.QtCore.QPoint(534, 182)
2025-07-14 18:03:58,477 - MainThread - DEBUG - \u62d6\u52d5\u4e2d\uff0c\u8996\u7a97\u79fb\u52d5\u5230: PyQt6.QtCore.QPoint(533, 182)
2025-07-14 18:03:58,479 - MainThread - DEBUG - \u62d6\u52d5\u4e2d\uff0c\u8996\u7a97\u79fb\u52d5\u5230: PyQt6.QtCore.QPoint(531, 182)
2025-07-14 18:03:58,480 - MainThread - DEBUG - \u62d6\u52d5\u4e2d\uff0c\u8996\u7a97\u79fb\u52d5\u5230: PyQt6.QtCore.QPoint(528, 183)
2025-07-14 18:03:58,483 - MainThread - DEBUG - \u62d6\u52d5\u4e2d\uff0c\u8996\u7a97\u79fb\u52d5\u5230: PyQt6.QtCore.QPoint(529, 184)
2025-07-14 18:03:58,484 - MainThread - DEBUG - \u62d6\u52d5\u4e2d\uff0c\u8996\u7a97\u79fb\u52d5\u5230: PyQt6.QtCore.QPoint(529, 185)
2025-07-14 18:03:58,486 - MainThread - DEBUG - \u62d6\u52d5\u4e2d\uff0c\u8996\u7a97\u79fb\u52d5\u5230: PyQt6.QtCore.QPoint(526, 185)
2025-07-14 18:03:58,488 - MainThread - DEBUG - \u62d6\u52d5\u4e2d\uff0c\u8996\u7a97\u79fb\u52d5\u5230: PyQt6.QtCore.QPoint(523, 185)
2025-07-14 18:03:58,491 - MainThread - DEBUG - \u62d6\u52d5\u4e2d\uff0c\u8996\u7a97\u79fb\u52d5\u5230: PyQt6.QtCore.QPoint(520, 185)
2025-07-14 18:03:58,495 - MainThread - DEBUG - \u62d6\u52d5\u4e2d\uff0c\u8996\u7a97\u79fb\u52d5\u5230: PyQt6.QtCore.QPoint(519, 187)
2025-07-14 18:03:58,497 - MainThread - DEBUG - \u62d6\u52d5\u4e2d\uff0c\u8996\u7a97\u79fb\u52d5\u5230: PyQt6.QtCore.QPoint(516, 189)
2025-07-14 18:03:58,499 - MainThread - DEBUG - \u62d6\u52d5\u4e2d\uff0c\u8996\u7a97\u79fb\u52d5\u5230: PyQt6.QtCore.QPoint(515, 187)
2025-07-14 18:03:58,501 - MainThread - DEBUG - \u62d6\u52d5\u4e2d\uff0c\u8996\u7a97\u79fb\u52d5\u5230: PyQt6.QtCore.QPoint(513, 185)
2025-07-14 18:03:58,504 - MainThread - DEBUG - \u62d6\u52d5\u4e2d\uff0c\u8996\u7a97\u79fb\u52d5\u5230: PyQt6.QtCore.QPoint(510, 188)
2025-07-14 18:03:58,506 - MainThread - DEBUG - \u62d6\u52d5\u4e2d\uff0c\u8996\u7a97\u79fb\u52d5\u5230: PyQt6.QtCore.QPoint(506, 191)
2025-07-14 18:03:58,511 - MainThread - DEBUG - \u62d6\u52d5\u4e2d\uff0c\u8996\u7a97\u79fb\u52d5\u5230: PyQt6.QtCore.QPoint(505, 189)
2025-07-14 18:03:58,516 - MainThread - DEBUG - \u62d6\u52d5\u4e2d\uff0c\u8996\u7a97\u79fb\u52d5\u5230: PyQt6.QtCore.QPoint(502, 187)
2025-07-14 18:03:58,518 - MainThread - DEBUG - \u62d6\u52d5\u4e2d\uff0c\u8996\u7a97\u79fb\u52d5\u5230: PyQt6.QtCore.QPoint(498, 185)
2025-07-14 18:03:58,521 - MainThread - DEBUG - \u62d6\u52d5\u4e2d\uff0c\u8996\u7a97\u79fb\u52d5\u5230: PyQt6.QtCore.QPoint(489, 191)
2025-07-14 18:03:58,523 - MainThread - DEBUG - \u62d6\u52d5\u4e2d\uff0c\u8996\u7a97\u79fb\u52d5\u5230: PyQt6.QtCore.QPoint(477, 197)
2025-07-14 18:03:58,527 - MainThread - DEBUG - \u62d6\u52d5\u4e2d\uff0c\u8996\u7a97\u79fb\u52d5\u5230: PyQt6.QtCore.QPoint(482, 191)
2025-07-14 18:03:58,536 - MainThread - DEBUG - \u62d6\u52d5\u4e2d\uff0c\u8996\u7a97\u79fb\u52d5\u5230: PyQt6.QtCore.QPoint(475, 192)
2025-07-14 18:03:58,538 - MainThread - DEBUG - \u62d6\u52d5\u4e2d\uff0c\u8996\u7a97\u79fb\u52d5\u5230: PyQt6.QtCore.QPoint(464, 193)
2025-07-14 18:03:58,540 - MainThread - DEBUG - \u62d6\u52d5\u4e2d\uff0c\u8996\u7a97\u79fb\u52d5\u5230: PyQt6.QtCore.QPoint(449, 195)
2025-07-14 18:03:58,544 - MainThread - DEBUG - \u62d6\u52d5\u4e2d\uff0c\u8996\u7a97\u79fb\u52d5\u5230: PyQt6.QtCore.QPoint(458, 193)
2025-07-14 18:03:58,548 - MainThread - DEBUG - \u62d6\u52d5\u4e2d\uff0c\u8996\u7a97\u79fb\u52d5\u5230: PyQt6.QtCore.QPoint(466, 191)
2025-07-14 18:03:58,553 - MainThread - DEBUG - \u62d6\u52d5\u4e2d\uff0c\u8996\u7a97\u79fb\u52d5\u5230: PyQt6.QtCore.QPoint(444, 194)
2025-07-14 18:03:58,559 - MainThread - DEBUG - \u62d6\u52d5\u4e2d\uff0c\u8996\u7a97\u79fb\u52d5\u5230: PyQt6.QtCore.QPoint(440, 194)
2025-07-14 18:03:58,563 - MainThread - DEBUG - \u62d6\u52d5\u4e2d\uff0c\u8996\u7a97\u79fb\u52d5\u5230: PyQt6.QtCore.QPoint(434, 194)
2025-07-14 18:03:58,565 - MainThread - DEBUG - \u62d6\u52d5\u4e2d\uff0c\u8996\u7a97\u79fb\u52d5\u5230: PyQt6.QtCore.QPoint(427, 194)
2025-07-14 18:03:58,567 - MainThread - DEBUG - \u62d6\u52d5\u4e2d\uff0c\u8996\u7a97\u79fb\u52d5\u5230: PyQt6.QtCore.QPoint(424, 194)
2025-07-14 18:03:58,569 - MainThread - DEBUG - \u62d6\u52d5\u4e2d\uff0c\u8996\u7a97\u79fb\u52d5\u5230: PyQt6.QtCore.QPoint(420, 194)
2025-07-14 18:03:58,573 - MainThread - DEBUG - \u62d6\u52d5\u4e2d\uff0c\u8996\u7a97\u79fb\u52d5\u5230: PyQt6.QtCore.QPoint(417, 194)
2025-07-14 18:03:58,574 - MainThread - DEBUG - \u62d6\u52d5\u4e2d\uff0c\u8996\u7a97\u79fb\u52d5\u5230: PyQt6.QtCore.QPoint(413, 194)
2025-07-14 18:03:58,575 - MainThread - DEBUG - \u62d6\u52d5\u4e2d\uff0c\u8996\u7a97\u79fb\u52d5\u5230: PyQt6.QtCore.QPoint(408, 194)
2025-07-14 18:03:58,578 - MainThread - DEBUG - \u62d6\u52d5\u4e2d\uff0c\u8996\u7a97\u79fb\u52d5\u5230: PyQt6.QtCore.QPoint(409, 194)
2025-07-14 18:03:58,578 - MainThread - DEBUG - \u62d6\u52d5\u4e2d\uff0c\u8996\u7a97\u79fb\u52d5\u5230: PyQt6.QtCore.QPoint(409, 194)
2025-07-14 18:03:58,581 - MainThread - DEBUG - \u62d6\u52d5\u4e2d\uff0c\u8996\u7a97\u79fb\u52d5\u5230: PyQt6.QtCore.QPoint(406, 194)
2025-07-14 18:03:58,584 - MainThread - DEBUG - \u62d6\u52d5\u4e2d\uff0c\u8996\u7a97\u79fb\u52d5\u5230: PyQt6.QtCore.QPoint(403, 194)
2025-07-14 18:03:58,585 - MainThread - DEBUG - \u62d6\u52d5\u4e2d\uff0c\u8996\u7a97\u79fb\u52d5\u5230: PyQt6.QtCore.QPoint(398, 194)
2025-07-14 18:03:58,588 - MainThread - DEBUG - \u62d6\u52d5\u4e2d\uff0c\u8996\u7a97\u79fb\u52d5\u5230: PyQt6.QtCore.QPoint(395, 194)
2025-07-14 18:03:58,590 - MainThread - DEBUG - \u62d6\u52d5\u4e2d\uff0c\u8996\u7a97\u79fb\u52d5\u5230: PyQt6.QtCore.QPoint(392, 194)
2025-07-14 18:03:58,591 - MainThread - DEBUG - \u62d6\u52d5\u4e2d\uff0c\u8996\u7a97\u79fb\u52d5\u5230: PyQt6.QtCore.QPoint(392, 194)
2025-07-14 18:03:58,594 - MainThread - DEBUG - \u62d6\u52d5\u4e2d\uff0c\u8996\u7a97\u79fb\u52d5\u5230: PyQt6.QtCore.QPoint(390, 193)
2025-07-14 18:03:58,603 - MainThread - DEBUG - \u62d6\u52d5\u4e2d\uff0c\u8996\u7a97\u79fb\u52d5\u5230: PyQt6.QtCore.QPoint(387, 193)
2025-07-14 18:03:58,607 - MainThread - DEBUG - \u62d6\u52d5\u4e2d\uff0c\u8996\u7a97\u79fb\u52d5\u5230: PyQt6.QtCore.QPoint(382, 193)
2025-07-14 18:03:58,608 - MainThread - DEBUG - \u62d6\u52d5\u4e2d\uff0c\u8996\u7a97\u79fb\u52d5\u5230: PyQt6.QtCore.QPoint(375, 193)
2025-07-14 18:03:58,611 - MainThread - DEBUG - \u62d6\u52d5\u4e2d\uff0c\u8996\u7a97\u79fb\u52d5\u5230: PyQt6.QtCore.QPoint(377, 192)
2025-07-14 18:03:58,613 - MainThread - DEBUG - \u62d6\u52d5\u4e2d\uff0c\u8996\u7a97\u79fb\u52d5\u5230: PyQt6.QtCore.QPoint(377, 192)
2025-07-14 18:03:58,618 - MainThread - DEBUG - \u62d6\u52d5\u4e2d\uff0c\u8996\u7a97\u79fb\u52d5\u5230: PyQt6.QtCore.QPoint(376, 192)
2025-07-14 18:03:58,642 - MainThread - DEBUG - \u62d6\u52d5\u4e2d\uff0c\u8996\u7a97\u79fb\u52d5\u5230: PyQt6.QtCore.QPoint(376, 191)
2025-07-14 18:03:58,645 - MainThread - DEBUG - \u62d6\u52d5\u4e2d\uff0c\u8996\u7a97\u79fb\u52d5\u5230: PyQt6.QtCore.QPoint(376, 189)
2025-07-14 18:03:58,648 - MainThread - DEBUG - \u62d6\u52d5\u4e2d\uff0c\u8996\u7a97\u79fb\u52d5\u5230: PyQt6.QtCore.QPoint(377, 187)
2025-07-14 18:03:58,653 - MainThread - DEBUG - \u62d6\u52d5\u4e2d\uff0c\u8996\u7a97\u79fb\u52d5\u5230: PyQt6.QtCore.QPoint(379, 189)
2025-07-14 18:03:58,654 - MainThread - DEBUG - \u62d6\u52d5\u4e2d\uff0c\u8996\u7a97\u79fb\u52d5\u5230: PyQt6.QtCore.QPoint(381, 190)
2025-07-14 18:03:58,655 - MainThread - DEBUG - \u62d6\u52d5\u4e2d\uff0c\u8996\u7a97\u79fb\u52d5\u5230: PyQt6.QtCore.QPoint(384, 191)
2025-07-14 18:03:58,656 - MainThread - DEBUG - \u62d6\u52d5\u4e2d\uff0c\u8996\u7a97\u79fb\u52d5\u5230: PyQt6.QtCore.QPoint(382, 187)
2025-07-14 18:03:58,657 - MainThread - DEBUG - \u62d6\u52d5\u4e2d\uff0c\u8996\u7a97\u79fb\u52d5\u5230: PyQt6.QtCore.QPoint(380, 182)
2025-07-14 18:03:58,659 - MainThread - DEBUG - \u62d6\u52d5\u4e2d\uff0c\u8996\u7a97\u79fb\u52d5\u5230: PyQt6.QtCore.QPoint(383, 186)
2025-07-14 18:03:58,660 - MainThread - DEBUG - \u62d6\u52d5\u4e2d\uff0c\u8996\u7a97\u79fb\u52d5\u5230: PyQt6.QtCore.QPoint(387, 189)
2025-07-14 18:03:58,663 - MainThread - DEBUG - \u62d6\u52d5\u4e2d\uff0c\u8996\u7a97\u79fb\u52d5\u5230: PyQt6.QtCore.QPoint(387, 185)
2025-07-14 18:03:58,665 - MainThread - DEBUG - \u62d6\u52d5\u4e2d\uff0c\u8996\u7a97\u79fb\u52d5\u5230: PyQt6.QtCore.QPoint(389, 184)
2025-07-14 18:03:58,667 - MainThread - DEBUG - \u62d6\u52d5\u4e2d\uff0c\u8996\u7a97\u79fb\u52d5\u5230: PyQt6.QtCore.QPoint(392, 183)
2025-07-14 18:03:58,671 - MainThread - DEBUG - \u62d6\u52d5\u4e2d\uff0c\u8996\u7a97\u79fb\u52d5\u5230: PyQt6.QtCore.QPoint(395, 183)
2025-07-14 18:03:58,672 - MainThread - DEBUG - \u62d6\u52d5\u4e2d\uff0c\u8996\u7a97\u79fb\u52d5\u5230: PyQt6.QtCore.QPoint(399, 182)
2025-07-14 18:03:58,675 - MainThread - DEBUG - \u62d6\u52d5\u4e2d\uff0c\u8996\u7a97\u79fb\u52d5\u5230: PyQt6.QtCore.QPoint(403, 181)
2025-07-14 18:03:58,680 - MainThread - DEBUG - \u62d6\u52d5\u4e2d\uff0c\u8996\u7a97\u79fb\u52d5\u5230: PyQt6.QtCore.QPoint(408, 180)
2025-07-14 18:03:58,688 - MainThread - DEBUG - \u62d6\u52d5\u4e2d\uff0c\u8996\u7a97\u79fb\u52d5\u5230: PyQt6.QtCore.QPoint(428, 180)
2025-07-14 18:03:58,689 - MainThread - DEBUG - \u62d6\u52d5\u4e2d\uff0c\u8996\u7a97\u79fb\u52d5\u5230: PyQt6.QtCore.QPoint(451, 179)
2025-07-14 18:03:58,693 - MainThread - DEBUG - \u62d6\u52d5\u4e2d\uff0c\u8996\u7a97\u79fb\u52d5\u5230: PyQt6.QtCore.QPoint(438, 179)
2025-07-14 18:03:58,694 - MainThread - DEBUG - \u62d6\u52d5\u4e2d\uff0c\u8996\u7a97\u79fb\u52d5\u5230: PyQt6.QtCore.QPoint(427, 178)
2025-07-14 18:03:58,700 - MainThread - DEBUG - \u62d6\u52d5\u4e2d\uff0c\u8996\u7a97\u79fb\u52d5\u5230: PyQt6.QtCore.QPoint(449, 178)
2025-07-14 18:03:58,705 - MainThread - DEBUG - \u62d6\u52d5\u4e2d\uff0c\u8996\u7a97\u79fb\u52d5\u5230: PyQt6.QtCore.QPoint(474, 178)
2025-07-14 18:03:58,707 - MainThread - DEBUG - \u62d6\u52d5\u4e2d\uff0c\u8996\u7a97\u79fb\u52d5\u5230: PyQt6.QtCore.QPoint(501, 178)
2025-07-14 18:03:58,715 - MainThread - DEBUG - \u62d6\u52d5\u4e2d\uff0c\u8996\u7a97\u79fb\u52d5\u5230: PyQt6.QtCore.QPoint(499, 176)
2025-07-14 18:03:58,717 - MainThread - DEBUG - \u62d6\u52d5\u4e2d\uff0c\u8996\u7a97\u79fb\u52d5\u5230: PyQt6.QtCore.QPoint(500, 174)
2025-07-14 18:03:58,720 - MainThread - DEBUG - \u62d6\u52d5\u4e2d\uff0c\u8996\u7a97\u79fb\u52d5\u5230: PyQt6.QtCore.QPoint(513, 175)
2025-07-14 18:03:58,723 - MainThread - DEBUG - \u62d6\u52d5\u4e2d\uff0c\u8996\u7a97\u79fb\u52d5\u5230: PyQt6.QtCore.QPoint(530, 175)
2025-07-14 18:03:58,726 - MainThread - DEBUG - \u62d6\u52d5\u4e2d\uff0c\u8996\u7a97\u79fb\u52d5\u5230: PyQt6.QtCore.QPoint(532, 174)
2025-07-14 18:03:58,728 - MainThread - DEBUG - \u62d6\u52d5\u4e2d\uff0c\u8996\u7a97\u79fb\u52d5\u5230: PyQt6.QtCore.QPoint(542, 174)
2025-07-14 18:03:58,731 - MainThread - DEBUG - \u62d6\u52d5\u4e2d\uff0c\u8996\u7a97\u79fb\u52d5\u5230: PyQt6.QtCore.QPoint(547, 174)
2025-07-14 18:03:58,733 - MainThread - DEBUG - \u62d6\u52d5\u4e2d\uff0c\u8996\u7a97\u79fb\u52d5\u5230: PyQt6.QtCore.QPoint(558, 172)
2025-07-14 18:03:58,736 - MainThread - DEBUG - \u62d6\u52d5\u4e2d\uff0c\u8996\u7a97\u79fb\u52d5\u5230: PyQt6.QtCore.QPoint(563, 173)
2025-07-14 18:03:58,738 - MainThread - DEBUG - \u62d6\u52d5\u4e2d\uff0c\u8996\u7a97\u79fb\u52d5\u5230: PyQt6.QtCore.QPoint(570, 172)
2025-07-14 18:03:58,743 - MainThread - DEBUG - \u62d6\u52d5\u4e2d\uff0c\u8996\u7a97\u79fb\u52d5\u5230: PyQt6.QtCore.QPoint(581, 171)
2025-07-14 18:03:58,748 - MainThread - DEBUG - \u62d6\u52d5\u4e2d\uff0c\u8996\u7a97\u79fb\u52d5\u5230: PyQt6.QtCore.QPoint(597, 172)
2025-07-14 18:03:58,749 - MainThread - DEBUG - \u62d6\u52d5\u4e2d\uff0c\u8996\u7a97\u79fb\u52d5\u5230: PyQt6.QtCore.QPoint(616, 173)
2025-07-14 18:03:58,757 - MainThread - DEBUG - \u62d6\u52d5\u4e2d\uff0c\u8996\u7a97\u79fb\u52d5\u5230: PyQt6.QtCore.QPoint(616, 172)
2025-07-14 18:03:58,759 - MainThread - DEBUG - \u62d6\u52d5\u4e2d\uff0c\u8996\u7a97\u79fb\u52d5\u5230: PyQt6.QtCore.QPoint(618, 171)
2025-07-14 18:03:58,760 - MainThread - DEBUG - \u62d6\u52d5\u4e2d\uff0c\u8996\u7a97\u79fb\u52d5\u5230: PyQt6.QtCore.QPoint(624, 170)
2025-07-14 18:03:58,763 - MainThread - DEBUG - \u62d6\u52d5\u4e2d\uff0c\u8996\u7a97\u79fb\u52d5\u5230: PyQt6.QtCore.QPoint(636, 172)
2025-07-14 18:03:58,765 - MainThread - DEBUG - \u62d6\u52d5\u4e2d\uff0c\u8996\u7a97\u79fb\u52d5\u5230: PyQt6.QtCore.QPoint(640, 172)
2025-07-14 18:03:58,768 - MainThread - DEBUG - \u62d6\u52d5\u4e2d\uff0c\u8996\u7a97\u79fb\u52d5\u5230: PyQt6.QtCore.QPoint(646, 172)
2025-07-14 18:03:58,772 - MainThread - DEBUG - \u62d6\u52d5\u4e2d\uff0c\u8996\u7a97\u79fb\u52d5\u5230: PyQt6.QtCore.QPoint(649, 172)
2025-07-14 18:03:58,774 - MainThread - DEBUG - \u62d6\u52d5\u4e2d\uff0c\u8996\u7a97\u79fb\u52d5\u5230: PyQt6.QtCore.QPoint(654, 172)
2025-07-14 18:03:58,777 - MainThread - DEBUG - \u62d6\u52d5\u4e2d\uff0c\u8996\u7a97\u79fb\u52d5\u5230: PyQt6.QtCore.QPoint(658, 172)
2025-07-14 18:03:58,779 - MainThread - DEBUG - \u62d6\u52d5\u4e2d\uff0c\u8996\u7a97\u79fb\u52d5\u5230: PyQt6.QtCore.QPoint(663, 172)
2025-07-14 18:03:58,782 - MainThread - DEBUG - \u62d6\u52d5\u4e2d\uff0c\u8996\u7a97\u79fb\u52d5\u5230: PyQt6.QtCore.QPoint(662, 172)
2025-07-14 18:03:58,783 - MainThread - DEBUG - \u62d6\u52d5\u4e2d\uff0c\u8996\u7a97\u79fb\u52d5\u5230: PyQt6.QtCore.QPoint(662, 172)
2025-07-14 18:03:58,785 - MainThread - DEBUG - \u62d6\u52d5\u4e2d\uff0c\u8996\u7a97\u79fb\u52d5\u5230: PyQt6.QtCore.QPoint(664, 173)
2025-07-14 18:03:58,786 - MainThread - DEBUG - \u62d6\u52d5\u4e2d\uff0c\u8996\u7a97\u79fb\u52d5\u5230: PyQt6.QtCore.QPoint(667, 174)
2025-07-14 18:03:58,788 - MainThread - DEBUG - \u62d6\u52d5\u4e2d\uff0c\u8996\u7a97\u79fb\u52d5\u5230: PyQt6.QtCore.QPoint(666, 172)
2025-07-14 18:03:58,821 - MainThread - DEBUG - \u62d6\u52d5\u4e2d\uff0c\u8996\u7a97\u79fb\u52d5\u5230: PyQt6.QtCore.QPoint(665, 173)
2025-07-14 18:03:58,822 - MainThread - DEBUG - \u62d6\u52d5\u4e2d\uff0c\u8996\u7a97\u79fb\u52d5\u5230: PyQt6.QtCore.QPoint(665, 173)
2025-07-14 18:03:58,824 - MainThread - DEBUG - \u62d6\u52d5\u4e2d\uff0c\u8996\u7a97\u79fb\u52d5\u5230: PyQt6.QtCore.QPoint(664, 173)
2025-07-14 18:03:58,827 - MainThread - DEBUG - \u62d6\u52d5\u4e2d\uff0c\u8996\u7a97\u79fb\u52d5\u5230: PyQt6.QtCore.QPoint(663, 174)
2025-07-14 18:03:58,830 - MainThread - DEBUG - \u62d6\u52d5\u4e2d\uff0c\u8996\u7a97\u79fb\u52d5\u5230: PyQt6.QtCore.QPoint(661, 173)
2025-07-14 18:03:58,833 - MainThread - DEBUG - \u62d6\u52d5\u4e2d\uff0c\u8996\u7a97\u79fb\u52d5\u5230: PyQt6.QtCore.QPoint(659, 174)
2025-07-14 18:03:58,835 - MainThread - DEBUG - \u62d6\u52d5\u4e2d\uff0c\u8996\u7a97\u79fb\u52d5\u5230: PyQt6.QtCore.QPoint(656, 175)
2025-07-14 18:03:58,837 - MainThread - DEBUG - \u62d6\u52d5\u4e2d\uff0c\u8996\u7a97\u79fb\u52d5\u5230: PyQt6.QtCore.QPoint(655, 173)
2025-07-14 18:03:58,842 - MainThread - DEBUG - \u62d6\u52d5\u4e2d\uff0c\u8996\u7a97\u79fb\u52d5\u5230: PyQt6.QtCore.QPoint(652, 174)
2025-07-14 18:03:58,846 - MainThread - DEBUG - \u62d6\u52d5\u4e2d\uff0c\u8996\u7a97\u79fb\u52d5\u5230: PyQt6.QtCore.QPoint(645, 174)
2025-07-14 18:03:58,848 - MainThread - DEBUG - \u62d6\u52d5\u4e2d\uff0c\u8996\u7a97\u79fb\u52d5\u5230: PyQt6.QtCore.QPoint(636, 174)
2025-07-14 18:03:58,850 - MainThread - DEBUG - \u62d6\u52d5\u4e2d\uff0c\u8996\u7a97\u79fb\u52d5\u5230: PyQt6.QtCore.QPoint(638, 174)
2025-07-14 18:03:58,854 - MainThread - DEBUG - \u62d6\u52d5\u4e2d\uff0c\u8996\u7a97\u79fb\u52d5\u5230: PyQt6.QtCore.QPoint(639, 174)
2025-07-14 18:03:58,856 - MainThread - DEBUG - \u62d6\u52d5\u4e2d\uff0c\u8996\u7a97\u79fb\u52d5\u5230: PyQt6.QtCore.QPoint(625, 174)
2025-07-14 18:03:58,858 - MainThread - DEBUG - \u62d6\u52d5\u4e2d\uff0c\u8996\u7a97\u79fb\u52d5\u5230: PyQt6.QtCore.QPoint(622, 174)
2025-07-14 18:03:58,861 - MainThread - DEBUG - \u62d6\u52d5\u4e2d\uff0c\u8996\u7a97\u79fb\u52d5\u5230: PyQt6.QtCore.QPoint(617, 174)
2025-07-14 18:03:58,863 - MainThread - DEBUG - \u62d6\u52d5\u4e2d\uff0c\u8996\u7a97\u79fb\u52d5\u5230: PyQt6.QtCore.QPoint(610, 174)
2025-07-14 18:03:58,864 - MainThread - DEBUG - \u62d6\u52d5\u4e2d\uff0c\u8996\u7a97\u79fb\u52d5\u5230: PyQt6.QtCore.QPoint(610, 174)
2025-07-14 18:03:58,866 - MainThread - DEBUG - \u62d6\u52d5\u4e2d\uff0c\u8996\u7a97\u79fb\u52d5\u5230: PyQt6.QtCore.QPoint(607, 174)
2025-07-14 18:03:58,869 - MainThread - DEBUG - \u62d6\u52d5\u4e2d\uff0c\u8996\u7a97\u79fb\u52d5\u5230: PyQt6.QtCore.QPoint(602, 174)
2025-07-14 18:03:58,873 - MainThread - DEBUG - \u62d6\u52d5\u4e2d\uff0c\u8996\u7a97\u79fb\u52d5\u5230: PyQt6.QtCore.QPoint(595, 174)
2025-07-14 18:03:58,877 - MainThread - DEBUG - \u62d6\u52d5\u4e2d\uff0c\u8996\u7a97\u79fb\u52d5\u5230: PyQt6.QtCore.QPoint(588, 174)
2025-07-14 18:03:58,879 - MainThread - DEBUG - \u62d6\u52d5\u4e2d\uff0c\u8996\u7a97\u79fb\u52d5\u5230: PyQt6.QtCore.QPoint(583, 174)
2025-07-14 18:03:58,882 - MainThread - DEBUG - \u62d6\u52d5\u4e2d\uff0c\u8996\u7a97\u79fb\u52d5\u5230: PyQt6.QtCore.QPoint(575, 174)
2025-07-14 18:03:58,884 - MainThread - DEBUG - \u62d6\u52d5\u4e2d\uff0c\u8996\u7a97\u79fb\u52d5\u5230: PyQt6.QtCore.QPoint(571, 174)
2025-07-14 18:03:58,887 - MainThread - DEBUG - \u62d6\u52d5\u4e2d\uff0c\u8996\u7a97\u79fb\u52d5\u5230: PyQt6.QtCore.QPoint(568, 174)
2025-07-14 18:03:58,890 - MainThread - DEBUG - \u62d6\u52d5\u4e2d\uff0c\u8996\u7a97\u79fb\u52d5\u5230: PyQt6.QtCore.QPoint(566, 174)
2025-07-14 18:03:58,897 - MainThread - DEBUG - \u62d6\u52d5\u4e2d\uff0c\u8996\u7a97\u79fb\u52d5\u5230: PyQt6.QtCore.QPoint(563, 174)
2025-07-14 18:03:58,900 - MainThread - DEBUG - \u62d6\u52d5\u4e2d\uff0c\u8996\u7a97\u79fb\u52d5\u5230: PyQt6.QtCore.QPoint(551, 174)
2025-07-14 18:03:58,908 - MainThread - DEBUG - \u62d6\u52d5\u4e2d\uff0c\u8996\u7a97\u79fb\u52d5\u5230: PyQt6.QtCore.QPoint(547, 174)
2025-07-14 18:03:58,910 - MainThread - DEBUG - \u62d6\u52d5\u4e2d\uff0c\u8996\u7a97\u79fb\u52d5\u5230: PyQt6.QtCore.QPoint(540, 174)
2025-07-14 18:03:58,912 - MainThread - DEBUG - \u62d6\u52d5\u4e2d\uff0c\u8996\u7a97\u79fb\u52d5\u5230: PyQt6.QtCore.QPoint(532, 173)
2025-07-14 18:03:58,913 - MainThread - DEBUG - \u62d6\u52d5\u4e2d\uff0c\u8996\u7a97\u79fb\u52d5\u5230: PyQt6.QtCore.QPoint(537, 173)
2025-07-14 18:03:58,915 - MainThread - DEBUG - \u62d6\u52d5\u4e2d\uff0c\u8996\u7a97\u79fb\u52d5\u5230: PyQt6.QtCore.QPoint(536, 173)
2025-07-14 18:03:58,917 - MainThread - DEBUG - \u62d6\u52d5\u4e2d\uff0c\u8996\u7a97\u79fb\u52d5\u5230: PyQt6.QtCore.QPoint(535, 173)
2025-07-14 18:03:58,919 - MainThread - DEBUG - \u62d6\u52d5\u4e2d\uff0c\u8996\u7a97\u79fb\u52d5\u5230: PyQt6.QtCore.QPoint(534, 173)
2025-07-14 18:03:58,922 - MainThread - DEBUG - \u62d6\u52d5\u4e2d\uff0c\u8996\u7a97\u79fb\u52d5\u5230: PyQt6.QtCore.QPoint(533, 173)
2025-07-14 18:03:58,924 - MainThread - DEBUG - \u62d6\u52d5\u4e2d\uff0c\u8996\u7a97\u79fb\u52d5\u5230: PyQt6.QtCore.QPoint(533, 172)
2025-07-14 18:03:58,925 - MainThread - DEBUG - \u62d6\u52d5\u4e2d\uff0c\u8996\u7a97\u79fb\u52d5\u5230: PyQt6.QtCore.QPoint(532, 171)
2025-07-14 18:03:58,928 - MainThread - DEBUG - \u62d6\u52d5\u4e2d\uff0c\u8996\u7a97\u79fb\u52d5\u5230: PyQt6.QtCore.QPoint(531, 172)
2025-07-14 18:03:58,952 - MainThread - DEBUG - \u62d6\u52d5\u4e2d\uff0c\u8996\u7a97\u79fb\u52d5\u5230: PyQt6.QtCore.QPoint(531, 171)
2025-07-14 18:03:58,959 - MainThread - DEBUG - \u62d6\u52d5\u4e2d\uff0c\u8996\u7a97\u79fb\u52d5\u5230: PyQt6.QtCore.QPoint(532, 171)
2025-07-14 18:03:58,964 - MainThread - DEBUG - \u62d6\u52d5\u4e2d\uff0c\u8996\u7a97\u79fb\u52d5\u5230: PyQt6.QtCore.QPoint(533, 170)
2025-07-14 18:03:58,967 - MainThread - DEBUG - \u62d6\u52d5\u4e2d\uff0c\u8996\u7a97\u79fb\u52d5\u5230: PyQt6.QtCore.QPoint(534, 169)
2025-07-14 18:03:58,969 - MainThread - DEBUG - \u62d6\u52d5\u4e2d\uff0c\u8996\u7a97\u79fb\u52d5\u5230: PyQt6.QtCore.QPoint(536, 168)
2025-07-14 18:03:58,971 - MainThread - DEBUG - \u62d6\u52d5\u4e2d\uff0c\u8996\u7a97\u79fb\u52d5\u5230: PyQt6.QtCore.QPoint(536, 169)
2025-07-14 18:03:58,972 - MainThread - DEBUG - \u62d6\u52d5\u4e2d\uff0c\u8996\u7a97\u79fb\u52d5\u5230: PyQt6.QtCore.QPoint(537, 169)
2025-07-14 18:03:58,977 - MainThread - DEBUG - \u62d6\u52d5\u4e2d\uff0c\u8996\u7a97\u79fb\u52d5\u5230: PyQt6.QtCore.QPoint(539, 167)
2025-07-14 18:03:58,981 - MainThread - DEBUG - \u62d6\u52d5\u4e2d\uff0c\u8996\u7a97\u79fb\u52d5\u5230: PyQt6.QtCore.QPoint(541, 166)
2025-07-14 18:03:58,983 - MainThread - DEBUG - \u62d6\u52d5\u4e2d\uff0c\u8996\u7a97\u79fb\u52d5\u5230: PyQt6.QtCore.QPoint(545, 165)
2025-07-14 18:03:58,986 - MainThread - DEBUG - \u62d6\u52d5\u4e2d\uff0c\u8996\u7a97\u79fb\u52d5\u5230: PyQt6.QtCore.QPoint(546, 166)
2025-07-14 18:03:58,988 - MainThread - DEBUG - \u62d6\u52d5\u4e2d\uff0c\u8996\u7a97\u79fb\u52d5\u5230: PyQt6.QtCore.QPoint(548, 165)
2025-07-14 18:03:58,989 - MainThread - DEBUG - \u62d6\u52d5\u4e2d\uff0c\u8996\u7a97\u79fb\u52d5\u5230: PyQt6.QtCore.QPoint(552, 164)
2025-07-14 18:03:58,995 - MainThread - DEBUG - \u62d6\u52d5\u4e2d\uff0c\u8996\u7a97\u79fb\u52d5\u5230: PyQt6.QtCore.QPoint(553, 166)
2025-07-14 18:03:58,998 - MainThread - DEBUG - \u62d6\u52d5\u4e2d\uff0c\u8996\u7a97\u79fb\u52d5\u5230: PyQt6.QtCore.QPoint(556, 168)
2025-07-14 18:03:59,001 - MainThread - DEBUG - \u62d6\u52d5\u4e2d\uff0c\u8996\u7a97\u79fb\u52d5\u5230: PyQt6.QtCore.QPoint(563, 166)
2025-07-14 18:03:59,004 - MainThread - DEBUG - \u62d6\u52d5\u4e2d\uff0c\u8996\u7a97\u79fb\u52d5\u5230: PyQt6.QtCore.QPoint(571, 164)
2025-07-14 18:03:59,008 - MainThread - DEBUG - \u62d6\u52d5\u4e2d\uff0c\u8996\u7a97\u79fb\u52d5\u5230: PyQt6.QtCore.QPoint(568, 167)
2025-07-14 18:03:59,010 - MainThread - DEBUG - \u62d6\u52d5\u4e2d\uff0c\u8996\u7a97\u79fb\u52d5\u5230: PyQt6.QtCore.QPoint(569, 170)
2025-07-14 18:03:59,013 - MainThread - DEBUG - \u62d6\u52d5\u4e2d\uff0c\u8996\u7a97\u79fb\u52d5\u5230: PyQt6.QtCore.QPoint(578, 168)
2025-07-14 18:03:59,014 - MainThread - DEBUG - \u62d6\u52d5\u4e2d\uff0c\u8996\u7a97\u79fb\u52d5\u5230: PyQt6.QtCore.QPoint(587, 166)
2025-07-14 18:03:59,017 - MainThread - DEBUG - \u62d6\u52d5\u4e2d\uff0c\u8996\u7a97\u79fb\u52d5\u5230: PyQt6.QtCore.QPoint(580, 169)
2025-07-14 18:03:59,019 - MainThread - DEBUG - \u62d6\u52d5\u4e2d\uff0c\u8996\u7a97\u79fb\u52d5\u5230: PyQt6.QtCore.QPoint(575, 172)
2025-07-14 18:03:59,024 - MainThread - DEBUG - \u62d6\u52d5\u4e2d\uff0c\u8996\u7a97\u79fb\u52d5\u5230: PyQt6.QtCore.QPoint(584, 170)
2025-07-14 18:03:59,027 - MainThread - DEBUG - \u62d6\u52d5\u4e2d\uff0c\u8996\u7a97\u79fb\u52d5\u5230: PyQt6.QtCore.QPoint(595, 168)
2025-07-14 18:03:59,030 - MainThread - DEBUG - \u62d6\u52d5\u4e2d\uff0c\u8996\u7a97\u79fb\u52d5\u5230: PyQt6.QtCore.QPoint(592, 171)
2025-07-14 18:03:59,032 - MainThread - DEBUG - \u62d6\u52d5\u4e2d\uff0c\u8996\u7a97\u79fb\u52d5\u5230: PyQt6.QtCore.QPoint(593, 172)
2025-07-14 18:03:59,034 - MainThread - DEBUG - \u62d6\u52d5\u4e2d\uff0c\u8996\u7a97\u79fb\u52d5\u5230: PyQt6.QtCore.QPoint(594, 173)
2025-07-14 18:03:59,035 - MainThread - DEBUG - \u62d6\u52d5\u4e2d\uff0c\u8996\u7a97\u79fb\u52d5\u5230: PyQt6.QtCore.QPoint(595, 172)
2025-07-14 18:03:59,045 - MainThread - DEBUG - \u62d6\u52d5\u4e2d\uff0c\u8996\u7a97\u79fb\u52d5\u5230: PyQt6.QtCore.QPoint(595, 173)
2025-07-14 18:03:59,047 - MainThread - DEBUG - \u62d6\u52d5\u4e2d\uff0c\u8996\u7a97\u79fb\u52d5\u5230: PyQt6.QtCore.QPoint(596, 173)
2025-07-14 18:03:59,083 - MainThread - DEBUG - \u62d6\u52d5\u4e2d\uff0c\u8996\u7a97\u79fb\u52d5\u5230: PyQt6.QtCore.QPoint(595, 174)
2025-07-14 18:03:59,091 - MainThread - DEBUG - \u62d6\u52d5\u4e2d\uff0c\u8996\u7a97\u79fb\u52d5\u5230: PyQt6.QtCore.QPoint(594, 173)
2025-07-14 18:03:59,094 - MainThread - DEBUG - \u62d6\u52d5\u4e2d\uff0c\u8996\u7a97\u79fb\u52d5\u5230: PyQt6.QtCore.QPoint(592, 175)
2025-07-14 18:03:59,097 - MainThread - DEBUG - \u62d6\u52d5\u4e2d\uff0c\u8996\u7a97\u79fb\u52d5\u5230: PyQt6.QtCore.QPoint(592, 174)
2025-07-14 18:03:59,100 - MainThread - DEBUG - \u62d6\u52d5\u4e2d\uff0c\u8996\u7a97\u79fb\u52d5\u5230: PyQt6.QtCore.QPoint(591, 174)
2025-07-14 18:03:59,105 - MainThread - DEBUG - \u62d6\u52d5\u4e2d\uff0c\u8996\u7a97\u79fb\u52d5\u5230: PyQt6.QtCore.QPoint(590, 175)
2025-07-14 18:03:59,108 - MainThread - DEBUG - \u62d6\u52d5\u4e2d\uff0c\u8996\u7a97\u79fb\u52d5\u5230: PyQt6.QtCore.QPoint(588, 175)
2025-07-14 18:03:59,109 - MainThread - DEBUG - \u62d6\u52d5\u4e2d\uff0c\u8996\u7a97\u79fb\u52d5\u5230: PyQt6.QtCore.QPoint(588, 175)
2025-07-14 18:03:59,111 - MainThread - DEBUG - \u62d6\u52d5\u4e2d\uff0c\u8996\u7a97\u79fb\u52d5\u5230: PyQt6.QtCore.QPoint(587, 175)
2025-07-14 18:03:59,114 - MainThread - DEBUG - \u62d6\u52d5\u4e2d\uff0c\u8996\u7a97\u79fb\u52d5\u5230: PyQt6.QtCore.QPoint(586, 175)
2025-07-14 18:03:59,116 - MainThread - DEBUG - \u62d6\u52d5\u4e2d\uff0c\u8996\u7a97\u79fb\u52d5\u5230: PyQt6.QtCore.QPoint(585, 175)
2025-07-14 18:03:59,118 - MainThread - DEBUG - \u62d6\u52d5\u4e2d\uff0c\u8996\u7a97\u79fb\u52d5\u5230: PyQt6.QtCore.QPoint(585, 175)
2025-07-14 18:03:59,120 - MainThread - DEBUG - \u62d6\u52d5\u4e2d\uff0c\u8996\u7a97\u79fb\u52d5\u5230: PyQt6.QtCore.QPoint(584, 175)
2025-07-14 18:03:59,127 - MainThread - DEBUG - \u62d6\u52d5\u4e2d\uff0c\u8996\u7a97\u79fb\u52d5\u5230: PyQt6.QtCore.QPoint(583, 175)
2025-07-14 18:03:59,128 - MainThread - DEBUG - \u62d6\u52d5\u4e2d\uff0c\u8996\u7a97\u79fb\u52d5\u5230: PyQt6.QtCore.QPoint(580, 175)
2025-07-14 18:03:59,131 - MainThread - DEBUG - \u62d6\u52d5\u4e2d\uff0c\u8996\u7a97\u79fb\u52d5\u5230: PyQt6.QtCore.QPoint(581, 175)
2025-07-14 18:03:59,138 - MainThread - DEBUG - \u62d6\u52d5\u4e2d\uff0c\u8996\u7a97\u79fb\u52d5\u5230: PyQt6.QtCore.QPoint(580, 175)
2025-07-14 18:03:59,164 - MainThread - DEBUG - \u6ed1\u9f20\u9b06\u958b\uff0c\u6e05\u7a7a\u62d6\u52d5\u4f4d\u7f6e\u8a18\u9304\u3002
2025-07-14 18:04:00,885 - Thread-2 - DEBUG - \u6309\u9375\u6309\u4e0b: Key.esc
2025-07-14 18:04:00,886 - MainThread - INFO - \u5075\u6e2c\u5230 Esc \u9375\u6309\u4e0b\uff0c\u95dc\u9589\u9762\u677f\u3002
2025-07-14 18:04:00,887 - MainThread - INFO - \u89f8\u767c\u7a97\u53e3\u95dc\u9589\u4e8b\u4ef6\u3002
